Using pre-set license
Built from '2020.3/staging' branch; Version is '2020.3.3f1 (76626098c1c4) revision 7758432'; Using compiler version '192528614'; Build Type 'Release'
OS: 'Windows 10 Home; OS build 19042.928; Version 2009; 64bit' Language: 'pt' Physical Memory: 8036 MB
BatchMode: 1, IsHumanControllingUs: 0, StartBugReporterOnCrash: 0, Is64bit: 1, IsPro: 0

 COMMAND LINE ARGUMENTS:
C:\Users\Cris\Documents\GameDev\2020.3.3f1\Editor\Unity.exe
-adb2
-batchMode
-noUpm
-name
AssetImportWorker0
-projectPath
C:/Users/Cris/Documents/GameDev/UnityProjects/Cube-Chaos/Cube Chaos
-logFile
Logs/AssetImportWorker0.log
-srvPort
55014
Successfully changed project path to: C:/Users/Cris/Documents/GameDev/UnityProjects/Cube-Chaos/Cube Chaos
C:/Users/Cris/Documents/GameDev/UnityProjects/Cube-Chaos/Cube Chaos
Using Asset Import Pipeline V2.
Refreshing native plugins compatible for Editor in 27.25 ms, found 0 plugins.
Preloading 0 native plugins for Editor in 0.00 ms.
Initialize engine version: 2020.3.3f1 (76626098c1c4)
[Subsystems] Discovering subsystems at path C:/Users/Cris/Documents/GameDev/2020.3.3f1/Editor/Data/Resources/UnitySubsystems
[Subsystems] Discovering subsystems at path C:/Users/Cris/Documents/GameDev/UnityProjects/Cube-Chaos/Cube Chaos/Assets
GfxDevice: creating device client; threaded=0
Direct3D:
    Version:  Direct3D 11.0 [level 11.1]
    Renderer: NVIDIA GeForce GTX 1050 Ti (ID=0x1c8c)
    Vendor:   
    VRAM:     4021 MB
    Driver:   27.21.14.6140
Initialize mono
Mono path[0] = 'C:/Users/Cris/Documents/GameDev/2020.3.3f1/Editor/Data/Managed'
Mono path[1] = 'C:/Users/Cris/Documents/GameDev/2020.3.3f1/Editor/Data/MonoBleedingEdge/lib/mono/unityjit'
Mono config path = 'C:/Users/Cris/Documents/GameDev/2020.3.3f1/Editor/Data/MonoBleedingEdge/etc'
Using monoOptions --debugger-agent=transport=dt_socket,embedding=1,server=y,suspend=n,address=127.0.0.1:56628
Begin MonoManager ReloadAssembly
Registering precompiled unity dll's ...
Register platform support module: C:/Users/Cris/Documents/GameDev/2020.3.3f1/Editor/Data/PlaybackEngines/MacStandaloneSupport/UnityEditor.OSXStandalone.Extensions.dll
Register platform support module: C:/Users/Cris/Documents/GameDev/2020.3.3f1/Editor/Data/PlaybackEngines/WindowsStandaloneSupport/UnityEditor.WindowsStandalone.Extensions.dll
Register platform support module: C:/Users/Cris/Documents/GameDev/2020.3.3f1/Editor/Data/PlaybackEngines/LinuxStandaloneSupport/UnityEditor.LinuxStandalone.Extensions.dll
Registered in 0.002353 seconds.
Native extension for LinuxStandalone target not found
Native extension for WindowsStandalone target not found
Native extension for OSXStandalone target not found
Refreshing native plugins compatible for Editor in 24.97 ms, found 0 plugins.
Preloading 0 native plugins for Editor in 0.00 ms.
Invoked RoslynAnalysisRunner static constructor.
RoslynAnalysisRunner will not be running.
RoslynAnalysisRunner has terminated.
Mono: successfully reloaded assembly
- Completed reload, in  1.764 seconds
Platform modules already initialized, skipping
Registering precompiled user dll's ...
Registered in 0.000613 seconds.
Begin MonoManager ReloadAssembly
Native extension for LinuxStandalone target not found
Native extension for WindowsStandalone target not found
Native extension for OSXStandalone target not found
Refreshing native plugins compatible for Editor in 0.37 ms, found 0 plugins.
Preloading 0 native plugins for Editor in 0.00 ms.
Invoked RoslynAnalysisRunner static constructor.
RoslynAnalysisRunner will not be running.
RoslynAnalysisRunner has terminated.
Mono: successfully reloaded assembly
- Completed reload, in  0.886 seconds
Platform modules already initialized, skipping
========================================================================
Worker process is ready to serve import requests
Launched and connected shader compiler UnityShaderCompiler.exe after 0.04 seconds
Refreshing native plugins compatible for Editor in 0.25 ms, found 0 plugins.
Preloading 0 native plugins for Editor in 0.00 ms.
Unloading 1185 Unused Serialized files (Serialized files now loaded: 0)
System memory in use before: 60.8 MB.
System memory in use after: 60.9 MB.

Unloading 9 unused Assets to reduce memory usage. Loaded Objects now: 1629.
Total: 2.157100 ms (FindLiveObjects: 0.231900 ms CreateObjectMapping: 0.122000 ms MarkObjects: 1.699100 ms  DeleteObjects: 0.102100 ms)

========================================================================
Received Import Request.
  path: Assets/Prefab/Canvas.prefab
  artifactKey: Guid(d92053716981adf4baab7de5b6cd94fd) Importer(815301076,1909f56bfc062723c751e8b465ee728b)
Start importing Assets/Prefab/Canvas.prefab using Guid(d92053716981adf4baab7de5b6cd94fd) Importer(815301076,1909f56bfc062723c751e8b465ee728b)  -> (artifact id: 'd0be944cb90773dccc77e27267fc1da4') in 0.073386 seconds
  Import took 0.078800 seconds .

========================================================================
Received Import Request.
  Time since last request: 91.288748 seconds.
  path: Assets/Scenes/Credits.unity
  artifactKey: Guid(8dcb231a2896353439ad00a0a1d0bf9e) Importer(815301076,1909f56bfc062723c751e8b465ee728b)
Start importing Assets/Scenes/Credits.unity using Guid(8dcb231a2896353439ad00a0a1d0bf9e) Importer(815301076,1909f56bfc062723c751e8b465ee728b)  -> (artifact id: 'b8e9a91a64323b7a9e1a9d046a51330b') in 0.011942 seconds
  Import took 0.015631 seconds .

========================================================================
Received Import Request.
  Time since last request: 9468.775260 seconds.
  path: Assets
  artifactKey: Guid(00000000000000001000000000000000) Importer(815301076,1909f56bfc062723c751e8b465ee728b)
Start importing Assets using Guid(00000000000000001000000000000000) Importer(815301076,1909f56bfc062723c751e8b465ee728b)  -> (artifact id: 'b2e0e235c0f4af3754229b664788db90') in 0.017482 seconds
  Import took 0.023939 seconds .

========================================================================
Received Import Request.
  Time since last request: 12.135412 seconds.
  path: Assets/Images
  artifactKey: Guid(b7447b1f2ba0c944290d550c8e58faeb) Importer(815301076,1909f56bfc062723c751e8b465ee728b)
Start importing Assets/Images using Guid(b7447b1f2ba0c944290d550c8e58faeb) Importer(815301076,1909f56bfc062723c751e8b465ee728b)  -> (artifact id: '762872a5f9ec0cb91ffa6a1c8f7f6fca') in 0.008403 seconds
  Import took 0.011462 seconds .

========================================================================
Received Import Request.
  Time since last request: 14.881537 seconds.
  path: Assets/Images/Cube-Fill.png
  artifactKey: Guid(109e1c5e7819813449b391116161839b) Importer(815301076,1909f56bfc062723c751e8b465ee728b)
Start importing Assets/Images/Cube-Fill.png using Guid(109e1c5e7819813449b391116161839b) Importer(815301076,1909f56bfc062723c751e8b465ee728b)  -> (artifact id: 'd4924e4c1554f3dd2268f98c26b72a74') in 0.090305 seconds
  Import took 0.093244 seconds .

========================================================================
Received Import Request.
  Time since last request: 3.992663 seconds.
  path: Assets/Images/Cube-Frame.png
  artifactKey: Guid(973e02cd73604a74fbc1c44c6963f932) Importer(815301076,1909f56bfc062723c751e8b465ee728b)
Start importing Assets/Images/Cube-Frame.png using Guid(973e02cd73604a74fbc1c44c6963f932) Importer(815301076,1909f56bfc062723c751e8b465ee728b)  -> (artifact id: 'c6a34d895c5be7492526c27521868814') in 0.016778 seconds
  Import took 0.020937 seconds .

========================================================================
Received Import Request.
  Time since last request: 0.007029 seconds.
  path: Assets/Images/Cube-Frame.png
  artifactKey: Guid(973e02cd73604a74fbc1c44c6963f932) Importer(815301076,1909f56bfc062723c751e8b465ee728b)
Start importing Assets/Images/Cube-Frame.png using Guid(973e02cd73604a74fbc1c44c6963f932) Importer(815301076,1909f56bfc062723c751e8b465ee728b)  -> (artifact id: 'c6a34d895c5be7492526c27521868814') in 0.009207 seconds
  Import took 0.012848 seconds .

========================================================================
Received Import Request.
  Time since last request: 1135.884985 seconds.
  path: Assets/Images/Cube-Frame.png
  artifactKey: Guid(973e02cd73604a74fbc1c44c6963f932) Importer(815301076,1909f56bfc062723c751e8b465ee728b)
Start importing Assets/Images/Cube-Frame.png using Guid(973e02cd73604a74fbc1c44c6963f932) Importer(815301076,1909f56bfc062723c751e8b465ee728b)  -> (artifact id: '5c6f199dd30c36c54789489aeab32aae') in 0.075437 seconds
  Import took 0.079136 seconds .

========================================================================
Received Import Request.
  Time since last request: 4.262816 seconds.
  path: Assets/Images/Cube-Fill.png
  artifactKey: Guid(109e1c5e7819813449b391116161839b) Importer(815301076,1909f56bfc062723c751e8b465ee728b)
Start importing Assets/Images/Cube-Fill.png using Guid(109e1c5e7819813449b391116161839b) Importer(815301076,1909f56bfc062723c751e8b465ee728b)  -> (artifact id: '96b349d31e6e090c1e8ba929b8b4641d') in 0.017239 seconds
  Import took 0.019815 seconds .

========================================================================
Received Import Request.
  Time since last request: 0.007170 seconds.
  path: Assets/Images/Cube-Fill.png
  artifactKey: Guid(109e1c5e7819813449b391116161839b) Importer(815301076,1909f56bfc062723c751e8b465ee728b)
Start importing Assets/Images/Cube-Fill.png using Guid(109e1c5e7819813449b391116161839b) Importer(815301076,1909f56bfc062723c751e8b465ee728b)  -> (artifact id: '96b349d31e6e090c1e8ba929b8b4641d') in 0.013007 seconds
  Import took 0.015547 seconds .

========================================================================
Received Import Request.
  Time since last request: 1139.166141 seconds.
  path: Assets/Images/Gambaling Logo-icon.jpg.png
  artifactKey: Guid(52ae0f740a96d394597ad42a81e1b51b) Importer(815301076,1909f56bfc062723c751e8b465ee728b)
Start importing Assets/Images/Gambaling Logo-icon.jpg.png using Guid(52ae0f740a96d394597ad42a81e1b51b) Importer(815301076,1909f56bfc062723c751e8b465ee728b)  -> (artifact id: '68e1a349421aff249763301f75d79f51') in 0.032600 seconds
  Import took 0.036807 seconds .

========================================================================
Received Import Request.
  Time since last request: 14.344642 seconds.
  path: Assets/Images/Gambaling Logo-icon.jpg.png
  artifactKey: Guid(52ae0f740a96d394597ad42a81e1b51b) Importer(815301076,1909f56bfc062723c751e8b465ee728b)
Start importing Assets/Images/Gambaling Logo-icon.jpg.png using Guid(52ae0f740a96d394597ad42a81e1b51b) Importer(815301076,1909f56bfc062723c751e8b465ee728b)  -> (artifact id: 'd84520c686a39dad0ee929f5c2db30ec') in 0.022154 seconds
  Import took 0.024386 seconds .

========================================================================
Received Prepare
Registering precompiled user dll's ...
Registered in 0.000653 seconds.
Begin MonoManager ReloadAssembly
Native extension for LinuxStandalone target not found
Native extension for WindowsStandalone target not found
Native extension for OSXStandalone target not found
Refreshing native plugins compatible for Editor in 0.23 ms, found 0 plugins.
Preloading 0 native plugins for Editor in 0.00 ms.
Invoked RoslynAnalysisRunner static constructor.
RoslynAnalysisRunner will not be running.
RoslynAnalysisRunner has terminated.
Mono: successfully reloaded assembly
- Completed reload, in  0.764 seconds
Platform modules already initialized, skipping
Refreshing native plugins compatible for Editor in 0.22 ms, found 0 plugins.
Preloading 0 native plugins for Editor in 0.00 ms.
Unloading 1166 Unused Serialized files (Serialized files now loaded: 0)
System memory in use before: 62.5 MB.
System memory in use after: 62.6 MB.

Unloading 6 unused Assets to reduce memory usage. Loaded Objects now: 1641.
Total: 1.661200 ms (FindLiveObjects: 0.206200 ms CreateObjectMapping: 0.055000 ms MarkObjects: 1.374100 ms  DeleteObjects: 0.024700 ms)

========================================================================
Received Import Request.
  Time since last request: 222.734054 seconds.
  path: Assets/Prefab/Canvas.prefab
  artifactKey: Guid(d92053716981adf4baab7de5b6cd94fd) Importer(815301076,1909f56bfc062723c751e8b465ee728b)
Start importing Assets/Prefab/Canvas.prefab using Guid(d92053716981adf4baab7de5b6cd94fd) Importer(815301076,1909f56bfc062723c751e8b465ee728b)  -> (artifact id: '16a99e173123a9c3c9cf04057ce26129') in 0.065078 seconds
  Import took 0.068028 seconds .

========================================================================
Received Import Request.
  Time since last request: 425.413184 seconds.
  path: Assets/Prefab/Player.prefab
  artifactKey: Guid(4a33293fb29b1bf48985fbc03bd00eef) Importer(815301076,1909f56bfc062723c751e8b465ee728b)
Start importing Assets/Prefab/Player.prefab using Guid(4a33293fb29b1bf48985fbc03bd00eef) Importer(815301076,1909f56bfc062723c751e8b465ee728b)  -> (artifact id: '9db4e2f2ddf8afe405aa2e15cb8c04eb') in 0.057483 seconds
  Import took 0.059826 seconds .

========================================================================
Received Import Request.
  Time since last request: 396.779405 seconds.
  path: ProjectSettings/TagManager.asset
  artifactKey: Guid(00000000000000003000000000000000) Importer(815301076,1909f56bfc062723c751e8b465ee728b)
Start importing ProjectSettings/TagManager.asset using Guid(00000000000000003000000000000000) Importer(815301076,1909f56bfc062723c751e8b465ee728b)  -> (artifact id: 'c58129df9a7bda1d537b6370eb53b5bf') in 0.009965 seconds
  Import took 0.013977 seconds .

========================================================================
Received Import Request.
  Time since last request: 320.343542 seconds.
  path: Assets/Prefab/Canvas.prefab
  artifactKey: Guid(d92053716981adf4baab7de5b6cd94fd) Importer(815301076,1909f56bfc062723c751e8b465ee728b)
Start importing Assets/Prefab/Canvas.prefab using Guid(d92053716981adf4baab7de5b6cd94fd) Importer(815301076,1909f56bfc062723c751e8b465ee728b)  -> (artifact id: 'dd7d04f9a95e80047bd8cbbb4b4a22ad') in 0.010431 seconds
  Import took 0.013271 seconds .

========================================================================
Received Import Request.
  Time since last request: 18.271843 seconds.
  path: Assets/Prefab/END.prefab
  artifactKey: Guid(8ea207d38fff80c4d9037592f9d5f8f8) Importer(815301076,1909f56bfc062723c751e8b465ee728b)
Start importing Assets/Prefab/END.prefab using Guid(8ea207d38fff80c4d9037592f9d5f8f8) Importer(815301076,1909f56bfc062723c751e8b465ee728b)  -> (artifact id: '916f41c89dfa5557056c0611e7c4b51c') in 0.014322 seconds
  Import took 0.017475 seconds .

========================================================================
Received Import Request.
  Time since last request: 186.982583 seconds.
  path: ProjectSettings/TagManager.asset
  artifactKey: Guid(00000000000000003000000000000000) Importer(815301076,1909f56bfc062723c751e8b465ee728b)
Start importing ProjectSettings/TagManager.asset using Guid(00000000000000003000000000000000) Importer(815301076,1909f56bfc062723c751e8b465ee728b)  -> (artifact id: '06ca4f0948c5eb1423a663a662f09ce7') in 0.004307 seconds
  Import took 0.007854 seconds .

========================================================================
Received Prepare
Registering precompiled user dll's ...
Registered in 0.000615 seconds.
Begin MonoManager ReloadAssembly
Native extension for LinuxStandalone target not found
Native extension for WindowsStandalone target not found
Native extension for OSXStandalone target not found
Refreshing native plugins compatible for Editor in 0.25 ms, found 0 plugins.
Preloading 0 native plugins for Editor in 0.00 ms.
Invoked RoslynAnalysisRunner static constructor.
RoslynAnalysisRunner will not be running.
RoslynAnalysisRunner has terminated.
Mono: successfully reloaded assembly
- Completed reload, in  0.837 seconds
Platform modules already initialized, skipping
Refreshing native plugins compatible for Editor in 0.22 ms, found 0 plugins.
Preloading 0 native plugins for Editor in 0.00 ms.
Unloading 1166 Unused Serialized files (Serialized files now loaded: 0)
System memory in use before: 62.6 MB.
System memory in use after: 62.7 MB.

Unloading 7 unused Assets to reduce memory usage. Loaded Objects now: 1649.
Total: 1.821800 ms (FindLiveObjects: 0.200000 ms CreateObjectMapping: 0.054900 ms MarkObjects: 1.543200 ms  DeleteObjects: 0.022300 ms)

========================================================================
Received Import Request.
  Time since last request: 704.993222 seconds.
  path: Assets/Scripts/ProgressBar.cs
  artifactKey: Guid(1bf17c5e80a861345ba9e42eb203aa8e) Importer(815301076,1909f56bfc062723c751e8b465ee728b)
Start importing Assets/Scripts/ProgressBar.cs using Guid(1bf17c5e80a861345ba9e42eb203aa8e) Importer(815301076,1909f56bfc062723c751e8b465ee728b)  -> (artifact id: 'a2745329c1a7ab38908f2b2d1101e6e7') in 0.020012 seconds
  Import took 0.023658 seconds .

========================================================================
Received Import Request.
  Time since last request: 35.016541 seconds.
  path: Assets/Scripts/LevelProgression.cs
  artifactKey: Guid(1bf17c5e80a861345ba9e42eb203aa8e) Importer(815301076,1909f56bfc062723c751e8b465ee728b)
Start importing Assets/Scripts/LevelProgression.cs using Guid(1bf17c5e80a861345ba9e42eb203aa8e) Importer(815301076,1909f56bfc062723c751e8b465ee728b)  -> (artifact id: '4c593a4ba09be46e0f6ee7c843813796') in 0.009917 seconds
  Import took 0.012696 seconds .

========================================================================
Received Prepare
Registering precompiled user dll's ...
Registered in 0.000583 seconds.
Begin MonoManager ReloadAssembly
Native extension for LinuxStandalone target not found
Native extension for WindowsStandalone target not found
Native extension for OSXStandalone target not found
Refreshing native plugins compatible for Editor in 0.22 ms, found 0 plugins.
Preloading 0 native plugins for Editor in 0.00 ms.
Invoked RoslynAnalysisRunner static constructor.
RoslynAnalysisRunner will not be running.
RoslynAnalysisRunner has terminated.
Mono: successfully reloaded assembly
- Completed reload, in  0.794 seconds
Platform modules already initialized, skipping
Refreshing native plugins compatible for Editor in 0.22 ms, found 0 plugins.
Preloading 0 native plugins for Editor in 0.00 ms.
Unloading 1166 Unused Serialized files (Serialized files now loaded: 0)
System memory in use before: 62.6 MB.
System memory in use after: 62.7 MB.

Unloading 4 unused Assets to reduce memory usage. Loaded Objects now: 1652.
Total: 2.757100 ms (FindLiveObjects: 0.201000 ms CreateObjectMapping: 0.056700 ms MarkObjects: 2.477900 ms  DeleteObjects: 0.020300 ms)

========================================================================
Received Prepare
Registering precompiled user dll's ...
Registered in 0.001341 seconds.
Begin MonoManager ReloadAssembly
Native extension for LinuxStandalone target not found
Native extension for WindowsStandalone target not found
Native extension for OSXStandalone target not found
Refreshing native plugins compatible for Editor in 0.21 ms, found 0 plugins.
Preloading 0 native plugins for Editor in 0.00 ms.
Invoked RoslynAnalysisRunner static constructor.
RoslynAnalysisRunner will not be running.
RoslynAnalysisRunner has terminated.
Mono: successfully reloaded assembly
- Completed reload, in  0.780 seconds
Platform modules already initialized, skipping
Refreshing native plugins compatible for Editor in 0.22 ms, found 0 plugins.
Preloading 0 native plugins for Editor in 0.00 ms.
Unloading 1166 Unused Serialized files (Serialized files now loaded: 0)
System memory in use before: 62.6 MB.
System memory in use after: 62.7 MB.

Unloading 4 unused Assets to reduce memory usage. Loaded Objects now: 1655.
Total: 1.806800 ms (FindLiveObjects: 0.170800 ms CreateObjectMapping: 0.050400 ms MarkObjects: 1.567500 ms  DeleteObjects: 0.016100 ms)

========================================================================
Received Import Request.
  Time since last request: 198.553134 seconds.
  path: Assets/Scripts/LevelProgression.cs
  artifactKey: Guid(1bf17c5e80a861345ba9e42eb203aa8e) Importer(815301076,1909f56bfc062723c751e8b465ee728b)
Start importing Assets/Scripts/LevelProgression.cs using Guid(1bf17c5e80a861345ba9e42eb203aa8e) Importer(815301076,1909f56bfc062723c751e8b465ee728b)  -> (artifact id: '48ffd73af8cab250903e63d22135d069') in 0.007970 seconds
  Import took 0.014656 seconds .

========================================================================
Received Import Request.
  Time since last request: 35.652113 seconds.
  path: Assets/Scenes/Level1.unity
  artifactKey: Guid(796c682dc1b802043b583b8ced2ad20e) Importer(815301076,1909f56bfc062723c751e8b465ee728b)
Start importing Assets/Scenes/Level1.unity using Guid(796c682dc1b802043b583b8ced2ad20e) Importer(815301076,1909f56bfc062723c751e8b465ee728b)  -> (artifact id: 'ed148248bfb485b73949be005614bc61') in 0.017387 seconds
  Import took 0.019630 seconds .

========================================================================
Received Prepare
Registering precompiled user dll's ...
Registered in 0.000937 seconds.
Begin MonoManager ReloadAssembly
Native extension for LinuxStandalone target not found
Native extension for WindowsStandalone target not found
Native extension for OSXStandalone target not found
Refreshing native plugins compatible for Editor in 0.21 ms, found 0 plugins.
Preloading 0 native plugins for Editor in 0.00 ms.
Invoked RoslynAnalysisRunner static constructor.
RoslynAnalysisRunner will not be running.
RoslynAnalysisRunner has terminated.
Mono: successfully reloaded assembly
- Completed reload, in  0.793 seconds
Platform modules already initialized, skipping
Refreshing native plugins compatible for Editor in 0.21 ms, found 0 plugins.
Preloading 0 native plugins for Editor in 0.00 ms.
Unloading 1166 Unused Serialized files (Serialized files now loaded: 0)
System memory in use before: 62.6 MB.
System memory in use after: 62.7 MB.

Unloading 4 unused Assets to reduce memory usage. Loaded Objects now: 1658.
Total: 1.777100 ms (FindLiveObjects: 0.160000 ms CreateObjectMapping: 0.029100 ms MarkObjects: 1.573200 ms  DeleteObjects: 0.013100 ms)

========================================================================
Received Prepare
Registering precompiled user dll's ...
Registered in 0.000609 seconds.
Begin MonoManager ReloadAssembly
Native extension for LinuxStandalone target not found
Native extension for WindowsStandalone target not found
Native extension for OSXStandalone target not found
Refreshing native plugins compatible for Editor in 0.29 ms, found 0 plugins.
Preloading 0 native plugins for Editor in 0.00 ms.
Invoked RoslynAnalysisRunner static constructor.
RoslynAnalysisRunner will not be running.
RoslynAnalysisRunner has terminated.
Mono: successfully reloaded assembly
- Completed reload, in  0.770 seconds
Platform modules already initialized, skipping
Refreshing native plugins compatible for Editor in 0.25 ms, found 0 plugins.
Preloading 0 native plugins for Editor in 0.00 ms.
Unloading 1166 Unused Serialized files (Serialized files now loaded: 0)
System memory in use before: 62.6 MB.
System memory in use after: 62.7 MB.

Unloading 4 unused Assets to reduce memory usage. Loaded Objects now: 1661.
Total: 3.131200 ms (FindLiveObjects: 0.211000 ms CreateObjectMapping: 0.083100 ms MarkObjects: 2.805600 ms  DeleteObjects: 0.029600 ms)

========================================================================
Received Prepare
Registering precompiled user dll's ...
Registered in 0.000620 seconds.
Begin MonoManager ReloadAssembly
Native extension for LinuxStandalone target not found
Native extension for WindowsStandalone target not found
Native extension for OSXStandalone target not found
Refreshing native plugins compatible for Editor in 0.21 ms, found 0 plugins.
Preloading 0 native plugins for Editor in 0.00 ms.
Invoked RoslynAnalysisRunner static constructor.
RoslynAnalysisRunner will not be running.
RoslynAnalysisRunner has terminated.
Mono: successfully reloaded assembly
- Completed reload, in  0.789 seconds
Platform modules already initialized, skipping
Refreshing native plugins compatible for Editor in 0.21 ms, found 0 plugins.
Preloading 0 native plugins for Editor in 0.00 ms.
Unloading 1166 Unused Serialized files (Serialized files now loaded: 0)
System memory in use before: 62.6 MB.
System memory in use after: 62.7 MB.

Unloading 4 unused Assets to reduce memory usage. Loaded Objects now: 1664.
Total: 1.659800 ms (FindLiveObjects: 0.271500 ms CreateObjectMapping: 0.070200 ms MarkObjects: 1.302300 ms  DeleteObjects: 0.014600 ms)

========================================================================
Received Prepare
Registering precompiled user dll's ...
Registered in 0.000603 seconds.
Begin MonoManager ReloadAssembly
Native extension for LinuxStandalone target not found
Native extension for WindowsStandalone target not found
Native extension for OSXStandalone target not found
Refreshing native plugins compatible for Editor in 0.36 ms, found 0 plugins.
Preloading 0 native plugins for Editor in 0.00 ms.
Invoked RoslynAnalysisRunner static constructor.
RoslynAnalysisRunner will not be running.
RoslynAnalysisRunner has terminated.
Mono: successfully reloaded assembly
- Completed reload, in  0.734 seconds
Platform modules already initialized, skipping
Refreshing native plugins compatible for Editor in 0.21 ms, found 0 plugins.
Preloading 0 native plugins for Editor in 0.00 ms.
Unloading 1166 Unused Serialized files (Serialized files now loaded: 0)
System memory in use before: 62.6 MB.
System memory in use after: 62.7 MB.

Unloading 4 unused Assets to reduce memory usage. Loaded Objects now: 1667.
Total: 2.080700 ms (FindLiveObjects: 0.231900 ms CreateObjectMapping: 0.071400 ms MarkObjects: 1.761900 ms  DeleteObjects: 0.014300 ms)

========================================================================
Received Import Request.
  Time since last request: 258.086817 seconds.
  path: Assets/Prefab/Canvas.prefab
  artifactKey: Guid(d92053716981adf4baab7de5b6cd94fd) Importer(815301076,1909f56bfc062723c751e8b465ee728b)
Start importing Assets/Prefab/Canvas.prefab using Guid(d92053716981adf4baab7de5b6cd94fd) Importer(815301076,1909f56bfc062723c751e8b465ee728b)  -> (artifact id: 'ab489b4769e16352d2e9a1197f2a2791') in 0.049445 seconds
  Import took 0.051854 seconds .

========================================================================
Received Prepare
Registering precompiled user dll's ...
Registered in 0.000686 seconds.
Begin MonoManager ReloadAssembly
Native extension for LinuxStandalone target not found
Native extension for WindowsStandalone target not found
Native extension for OSXStandalone target not found
Refreshing native plugins compatible for Editor in 0.41 ms, found 0 plugins.
Preloading 0 native plugins for Editor in 0.00 ms.
Invoked RoslynAnalysisRunner static constructor.
RoslynAnalysisRunner will not be running.
RoslynAnalysisRunner has terminated.
Mono: successfully reloaded assembly
- Completed reload, in  0.849 seconds
Platform modules already initialized, skipping
Refreshing native plugins compatible for Editor in 0.21 ms, found 0 plugins.
Preloading 0 native plugins for Editor in 0.00 ms.
Unloading 1166 Unused Serialized files (Serialized files now loaded: 0)
System memory in use before: 62.6 MB.
System memory in use after: 62.7 MB.

Unloading 5 unused Assets to reduce memory usage. Loaded Objects now: 1670.
Total: 2.339300 ms (FindLiveObjects: 0.243300 ms CreateObjectMapping: 0.075500 ms MarkObjects: 1.989900 ms  DeleteObjects: 0.028800 ms)

========================================================================
Received Import Request.
  Time since last request: 546.167638 seconds.
  path: Assets/Prefab/Canvas Variant.prefab
  artifactKey: Guid(98027dc58ee1e0a4780c25081a85082b) Importer(815301076,1909f56bfc062723c751e8b465ee728b)
Start importing Assets/Prefab/Canvas Variant.prefab using Guid(98027dc58ee1e0a4780c25081a85082b) Importer(815301076,1909f56bfc062723c751e8b465ee728b)  -> (artifact id: '6a4b424c8ce2f7647732639fafaaf216') in 0.071395 seconds
  Import took 0.074679 seconds .

